
> geospatial-intelligence-frontend@1.0.0 start
> react-scripts start

(node:16182) [DEP_WEBPACK_DEV_SERVER_ON_AFTER_SETUP_MIDDLEWARE] DeprecationWarning: 'onAfterSetupMiddleware' option is deprecated. Please use the 'setupMiddlewares' option.
(Use `node --trace-deprecation ...` to show where the warning was created)
(node:16182) [DEP_WEBPACK_DEV_SERVER_ON_BEFORE_SETUP_MIDDLEWARE] DeprecationWarning: 'onBeforeSetupMiddleware' option is deprecated. Please use the 'setupMiddlewares' option.
Starting the development server...

Compiled with warnings.

[eslint]
src/components/Analysis/CarbonFootprint.js
  Line 16:6:  React Hook useEffect has a missing dependency: 'fetchCarbonData'. Either include it or remove the dependency array  react-hooks/exhaustive-deps

src/components/Analysis/EconomicImpact.js
  Line 16:6:  React Hook useEffect has a missing dependency: 'fetchEconomicData'. Either include it or remove the dependency array  react-hooks/exhaustive-deps

src/components/Analysis/TimeSeriesChart.js
  Line 26:6:  React Hook useEffect has a missing dependency: 'fetchTimeSeries'. Either include it or remove the dependency array  react-hooks/exhaustive-deps

src/components/UI/InteractiveMap.js
  Line 69:7:  'getThemeColor' is assigned a value but never used  no-unused-vars

src/components/UI/ThemeToggle.js
  Line 6:29:  'toggleTheme' is assigned a value but never used  no-unused-vars

src/pages/UseCases.js
  Line 8:11:  'themes' is assigned a value but never used  no-unused-vars

Search for the keywords to learn more about each warning.
To ignore, add // eslint-disable-next-line to the line before.

WARNING in [eslint]
src/components/Analysis/CarbonFootprint.js
  Line 16:6:  React Hook useEffect has a missing dependency: 'fetchCarbonData'. Either include it or remove the dependency array  react-hooks/exhaustive-deps

src/components/Analysis/EconomicImpact.js
  Line 16:6:  React Hook useEffect has a missing dependency: 'fetchEconomicData'. Either include it or remove the dependency array  react-hooks/exhaustive-deps

src/components/Analysis/TimeSeriesChart.js
  Line 26:6:  React Hook useEffect has a missing dependency: 'fetchTimeSeries'. Either include it or remove the dependency array  react-hooks/exhaustive-deps

src/components/UI/InteractiveMap.js
  Line 69:7:  'getThemeColor' is assigned a value but never used  no-unused-vars

src/components/UI/ThemeToggle.js
  Line 6:29:  'toggleTheme' is assigned a value but never used  no-unused-vars

src/pages/UseCases.js
  Line 8:11:  'themes' is assigned a value but never used  no-unused-vars

webpack compiled with 1 warning
